0 verbose cli /usr/local/bin/node /usr/local/bin/npm
1 info using npm@10.2.4
2 info using node@v21.6.1
3 timing npm:load:whichnode Completed in 1ms
4 timing config:load:defaults Completed in 2ms
5 timing config:load:file:/usr/local/lib/node_modules/npm/npmrc Completed in 3ms
6 timing config:load:builtin Completed in 3ms
7 timing config:load:cli Completed in 3ms
8 timing config:load:env Completed in 0ms
9 timing config:load:file:/Users/nathanduraisamy/Amazon Drive/Office Mac/WL/2022 Bus/AI DEV Projects/WESTLAKE AI Foundary/westlake-ai-foundry/.npmrc Completed in 0ms
10 timing config:load:project Completed in 4ms
11 timing config:load:file:/Users/nathanduraisamy/.npmrc Completed in 0ms
12 timing config:load:user Completed in 0ms
13 timing config:load:file:/usr/local/etc/npmrc Completed in 0ms
14 timing config:load:global Completed in 0ms
15 timing config:load:setEnvs Completed in 1ms
16 timing config:load Completed in 15ms
17 timing npm:load:configload Completed in 15ms
18 timing config:load:flatten Completed in 3ms
19 timing npm:load:mkdirpcache Completed in 0ms
20 timing npm:load:mkdirplogs Completed in 0ms
21 verbose title npm install framer-motion
22 verbose argv "install" "framer-motion" "--save" "--cache" "./.npm-cache"
23 timing npm:load:setTitle Completed in 1ms
24 timing npm:load:display Completed in 1ms
25 verbose logfile logs-max:10 dir:/Users/nathanduraisamy/Amazon Drive/Office Mac/WL/2022 Bus/AI DEV Projects/WESTLAKE AI Foundary/westlake-ai-foundry/.npm-cache/_logs/2025-11-05T12_38_28_901Z-
26 verbose logfile /Users/nathanduraisamy/Amazon Drive/Office Mac/WL/2022 Bus/AI DEV Projects/WESTLAKE AI Foundary/westlake-ai-foundry/.npm-cache/_logs/2025-11-05T12_38_28_901Z-debug-0.log
27 timing npm:load:logFile Completed in 12ms
28 timing npm:load:timers Completed in 0ms
29 timing npm:load:configScope Completed in 0ms
30 timing npm:load Completed in 52ms
31 timing arborist:ctor Completed in 0ms
32 silly logfile done cleaning log files
33 timing idealTree:init Completed in 306ms
34 timing idealTree:userRequests Completed in 2ms
35 silly idealTree buildDeps
36 silly fetch manifest framer-motion@^11.3.31
37 timing arborist:ctor Completed in 1ms
38 http fetch GET 200 https://registry.npmjs.org/npm 978ms (cache miss)
39 http fetch GET 200 https://registry.npmjs.org/framer-motion 634ms (cache miss)
40 silly fetch manifest @emotion/is-prop-valid@*
41 http fetch GET 200 https://registry.npmjs.org/@emotion%2fis-prop-valid 69ms (cache miss)
42 silly fetch manifest react@18.3.1
43 http fetch GET 200 https://registry.npmjs.org/react 149ms (cache miss)
44 silly fetch manifest react-dom@18.3.1
45 http fetch GET 200 https://registry.npmjs.org/react-dom 191ms (cache miss)
46 silly fetch manifest next@^14.2.13
47 http fetch GET 200 https://registry.npmjs.org/next 340ms (cache miss)
48 silly fetch manifest @opentelemetry/api@^1.1.0
49 http fetch GET 200 https://registry.npmjs.org/@opentelemetry%2fapi 110ms (cache miss)
50 silly fetch manifest @playwright/test@^1.41.2
51 http fetch GET 200 https://registry.npmjs.org/@playwright%2ftest 1341ms (cache miss)
52 silly fetch manifest sass@^1.3.0
53 http fetch GET 200 https://registry.npmjs.org/sass 348ms (cache miss)
54 silly placeDep ROOT framer-motion@11.18.2 REPLACE for: westlake-ai-foundry@0.1.0 want: ^11.3.31
55 silly placeDep ROOT next@14.2.33 REPLACE for: westlake-ai-foundry@0.1.0 want: ^14.2.13
56 silly fetch manifest @next/env@14.2.33
57 silly fetch manifest @next/swc-darwin-x64@14.2.33
58 silly fetch manifest @next/swc-darwin-arm64@14.2.33
59 silly fetch manifest @next/swc-linux-x64-gnu@14.2.33
60 silly fetch manifest @next/swc-linux-x64-musl@14.2.33
61 silly fetch manifest @next/swc-win32-x64-msvc@14.2.33
62 silly fetch manifest @next/swc-linux-arm64-gnu@14.2.33
63 silly fetch manifest @next/swc-win32-ia32-msvc@14.2.33
64 silly fetch manifest @next/swc-linux-arm64-musl@14.2.33
65 silly fetch manifest @next/swc-win32-arm64-msvc@14.2.33
66 http fetch GET 200 https://registry.npmjs.org/@next%2fswc-darwin-x64 1812ms (cache miss)
67 http fetch GET 200 https://registry.npmjs.org/@next%2fenv 1891ms (cache miss)
68 http fetch GET 200 https://registry.npmjs.org/@next%2fswc-linux-x64-musl 2031ms (cache miss)
69 http fetch GET 200 https://registry.npmjs.org/@next%2fswc-linux-arm64-musl 2164ms (cache miss)
70 http fetch GET 200 https://registry.npmjs.org/@next%2fswc-linux-arm64-gnu 2322ms (cache miss)
71 http fetch GET 200 https://registry.npmjs.org/@next%2fswc-win32-arm64-msvc 2383ms (cache miss)
72 http fetch GET 200 https://registry.npmjs.org/@next%2fswc-win32-x64-msvc 2518ms (cache miss)
73 http fetch GET 200 https://registry.npmjs.org/@next%2fswc-win32-ia32-msvc 2548ms (cache miss)
74 http fetch GET 200 https://registry.npmjs.org/@next%2fswc-linux-x64-gnu 2564ms (cache miss)
75 http fetch GET 200 https://registry.npmjs.org/@next%2fswc-darwin-arm64 3007ms (cache miss)
76 timing idealTree:#root Completed in 6816ms
77 timing idealTree:node_modules/framer-motion Completed in 0ms
78 silly placeDep ROOT @next/env@14.2.33 OK for: next@14.2.33 want: 14.2.33
79 silly placeDep ROOT @next/swc-darwin-arm64@14.2.33 OK for: next@14.2.33 want: 14.2.33
80 silly placeDep ROOT @next/swc-darwin-x64@14.2.33 OK for: next@14.2.33 want: 14.2.33
81 silly placeDep ROOT @next/swc-linux-arm64-gnu@14.2.33 OK for: next@14.2.33 want: 14.2.33
82 silly placeDep ROOT @next/swc-linux-arm64-musl@14.2.33 OK for: next@14.2.33 want: 14.2.33
83 silly placeDep ROOT @next/swc-linux-x64-gnu@14.2.33 OK for: next@14.2.33 want: 14.2.33
84 silly placeDep ROOT @next/swc-linux-x64-musl@14.2.33 OK for: next@14.2.33 want: 14.2.33
85 silly placeDep ROOT @next/swc-win32-arm64-msvc@14.2.33 OK for: next@14.2.33 want: 14.2.33
86 silly placeDep ROOT @next/swc-win32-ia32-msvc@14.2.33 OK for: next@14.2.33 want: 14.2.33
87 silly placeDep ROOT @next/swc-win32-x64-msvc@14.2.33 OK for: next@14.2.33 want: 14.2.33
88 timing idealTree:node_modules/next Completed in 16ms
89 timing idealTree:node_modules/@next/env Completed in 0ms
90 timing idealTree:node_modules/@next/swc-darwin-arm64 Completed in 0ms
91 timing idealTree:node_modules/@next/swc-darwin-x64 Completed in 0ms
92 timing idealTree:node_modules/@next/swc-linux-arm64-gnu Completed in 0ms
93 timing idealTree:node_modules/@next/swc-linux-arm64-musl Completed in 0ms
94 timing idealTree:node_modules/@next/swc-linux-x64-gnu Completed in 0ms
95 timing idealTree:node_modules/@next/swc-linux-x64-musl Completed in 0ms
96 timing idealTree:node_modules/@next/swc-win32-arm64-msvc Completed in 0ms
97 timing idealTree:node_modules/@next/swc-win32-ia32-msvc Completed in 0ms
98 timing idealTree:node_modules/@next/swc-win32-x64-msvc Completed in 0ms
99 timing idealTree:buildDeps Completed in 6834ms
100 timing idealTree:fixDepFlags Completed in 8ms
101 timing idealTree Completed in 7158ms
102 timing reify:loadTrees Completed in 7159ms
103 timing reify:diffTrees Completed in 9ms
104 silly reify mark retired [
104 silly reify   '/Users/nathanduraisamy/Amazon Drive/Office Mac/WL/2022 Bus/AI DEV Projects/WESTLAKE AI Foundary/westlake-ai-foundry/node_modules/@next/env'
104 silly reify ]
105 silly reify mark retired [
105 silly reify   '/Users/nathanduraisamy/Amazon Drive/Office Mac/WL/2022 Bus/AI DEV Projects/WESTLAKE AI Foundary/westlake-ai-foundry/node_modules/@next/swc-darwin-x64'
105 silly reify ]
106 silly reify mark retired [
106 silly reify   '/Users/nathanduraisamy/Amazon Drive/Office Mac/WL/2022 Bus/AI DEV Projects/WESTLAKE AI Foundary/westlake-ai-foundry/node_modules/next',
106 silly reify   '/Users/nathanduraisamy/Amazon Drive/Office Mac/WL/2022 Bus/AI DEV Projects/WESTLAKE AI Foundary/westlake-ai-foundry/node_modules/.bin/next'
106 silly reify ]
107 silly reify moves {
107 silly reify   '/Users/nathanduraisamy/Amazon Drive/Office Mac/WL/2022 Bus/AI DEV Projects/WESTLAKE AI Foundary/westlake-ai-foundry/node_modules/@next/env': '/Users/nathanduraisamy/Amazon Drive/Office Mac/WL/2022 Bus/AI DEV Projects/WESTLAKE AI Foundary/westlake-ai-foundry/node_modules/@next/.env-xVTPUzEN',
107 silly reify   '/Users/nathanduraisamy/Amazon Drive/Office Mac/WL/2022 Bus/AI DEV Projects/WESTLAKE AI Foundary/westlake-ai-foundry/node_modules/@next/swc-darwin-x64': '/Users/nathanduraisamy/Amazon Drive/Office Mac/WL/2022 Bus/AI DEV Projects/WESTLAKE AI Foundary/westlake-ai-foundry/node_modules/@next/.swc-darwin-x64-vN0569qJ',
107 silly reify   '/Users/nathanduraisamy/Amazon Drive/Office Mac/WL/2022 Bus/AI DEV Projects/WESTLAKE AI Foundary/westlake-ai-foundry/node_modules/next': '/Users/nathanduraisamy/Amazon Drive/Office Mac/WL/2022 Bus/AI DEV Projects/WESTLAKE AI Foundary/westlake-ai-foundry/node_modules/.next-OC49cDG8',
107 silly reify   '/Users/nathanduraisamy/Amazon Drive/Office Mac/WL/2022 Bus/AI DEV Projects/WESTLAKE AI Foundary/westlake-ai-foundry/node_modules/.bin/next': '/Users/nathanduraisamy/Amazon Drive/Office Mac/WL/2022 Bus/AI DEV Projects/WESTLAKE AI Foundary/westlake-ai-foundry/node_modules/.bin/.next-78mdNxWY'
107 silly reify }
108 timing reify:retireShallow Completed in 4ms
109 timing reify:createSparse Completed in 3ms
110 timing reify:loadBundles Completed in 0ms
111 silly audit bulk request {
111 silly audit   '@alloc/quick-lru': [ '5.2.0' ],
111 silly audit   '@emnapi/core': [ '1.7.0' ],
111 silly audit   '@emnapi/runtime': [ '1.7.0' ],
111 silly audit   '@emnapi/wasi-threads': [ '1.1.0' ],
111 silly audit   '@eslint-community/eslint-utils': [ '4.9.0' ],
111 silly audit   '@eslint-community/regexpp': [ '4.12.2' ],
111 silly audit   '@eslint/eslintrc': [ '2.1.4' ],
111 silly audit   '@eslint/js': [ '8.57.1' ],
111 silly audit   '@humanwhocodes/config-array': [ '0.13.0' ],
111 silly audit   '@humanwhocodes/module-importer': [ '1.0.1' ],
111 silly audit   '@humanwhocodes/object-schema': [ '2.0.3' ],
111 silly audit   '@isaacs/cliui': [ '8.0.2' ],
111 silly audit   'ansi-regex': [ '6.2.2', '5.0.1' ],
111 silly audit   'strip-ansi': [ '7.1.2', '6.0.1' ],
111 silly audit   '@jridgewell/gen-mapping': [ '0.3.13' ],
111 silly audit   '@jridgewell/resolve-uri': [ '3.1.2' ],
111 silly audit   '@jridgewell/sourcemap-codec': [ '1.5.5' ],
111 silly audit   '@jridgewell/trace-mapping': [ '0.3.31' ],
111 silly audit   '@napi-rs/wasm-runtime': [ '0.2.12' ],
111 silly audit   '@next/eslint-plugin-next': [ '14.2.33' ],
111 silly audit   '@nodelib/fs.scandir': [ '2.1.5' ],
111 silly audit   '@nodelib/fs.stat': [ '2.0.5' ],
111 silly audit   '@nodelib/fs.walk': [ '1.2.8' ],
111 silly audit   '@nolyfill/is-core-module': [ '1.0.39' ],
111 silly audit   '@pkgjs/parseargs': [ '0.11.0' ],
111 silly audit   '@rtsao/scc': [ '1.1.0' ],
111 silly audit   '@rushstack/eslint-patch': [ '1.14.1' ],
111 silly audit   '@swc/counter': [ '0.1.3' ],
111 silly audit   '@swc/helpers': [ '0.5.5' ],
111 silly audit   '@tybys/wasm-util': [ '0.10.1' ],
111 silly audit   '@types/json5': [ '0.0.29' ],
111 silly audit   '@types/node': [ '20.19.24' ],
111 silly audit   '@types/prop-types': [ '15.7.15' ],
111 silly audit   '@types/react': [ '18.3.26' ],
111 silly audit   '@types/react-dom': [ '18.3.7' ],
111 silly audit   '@typescript-eslint/eslint-plugin': [ '8.46.3' ],
111 silly audit   ignore: [ '7.0.5', '5.3.2' ],
111 silly audit   '@typescript-eslint/parser': [ '8.46.3' ],
111 silly audit   '@typescript-eslint/project-service': [ '8.46.3' ],
111 silly audit   '@typescript-eslint/scope-manager': [ '8.46.3' ],
111 silly audit   '@typescript-eslint/tsconfig-utils': [ '8.46.3' ],
111 silly audit   '@typescript-eslint/type-utils': [ '8.46.3' ],
111 silly audit   '@typescript-eslint/types': [ '8.46.3' ],
111 silly audit   '@typescript-eslint/typescript-estree': [ '8.46.3' ],
111 silly audit   'brace-expansion': [ '2.0.2', '1.1.12' ],
111 silly audit   minimatch: [ '9.0.5', '3.1.2' ],
111 silly audit   '@typescript-eslint/utils': [ '8.46.3' ],
111 silly audit   '@typescript-eslint/visitor-keys': [ '8.46.3' ],
111 silly audit   'eslint-visitor-keys': [ '4.2.1', '3.4.3' ],
111 silly audit   '@ungap/structured-clone': [ '1.3.0' ],
111 silly audit   '@unrs/resolver-binding-android-arm-eabi': [ '1.11.1' ],
111 silly audit   '@unrs/resolver-binding-android-arm64': [ '1.11.1' ],
111 silly audit   '@unrs/resolver-binding-darwin-arm64': [ '1.11.1' ],
111 silly audit   '@unrs/resolver-binding-darwin-x64': [ '1.11.1' ],
111 silly audit   '@unrs/resolver-binding-freebsd-x64': [ '1.11.1' ],
111 silly audit   '@unrs/resolver-binding-linux-arm-gnueabihf': [ '1.11.1' ],
111 silly audit   '@unrs/resolver-binding-linux-arm-musleabihf': [ '1.11.1' ],
111 silly audit   '@unrs/resolver-binding-linux-arm64-gnu': [ '1.11.1' ],
111 silly audit   '@unrs/resolver-binding-linux-arm64-musl': [ '1.11.1' ],
111 silly audit   '@unrs/resolver-binding-linux-ppc64-gnu': [ '1.11.1' ],
111 silly audit   '@unrs/resolver-binding-linux-riscv64-gnu': [ '1.11.1' ],
111 silly audit   '@unrs/resolver-binding-linux-riscv64-musl': [ '1.11.1' ],
111 silly audit   '@unrs/resolver-binding-linux-s390x-gnu': [ '1.11.1' ],
111 silly audit   '@unrs/resolver-binding-linux-x64-gnu': [ '1.11.1' ],
111 silly audit   '@unrs/resolver-binding-linux-x64-musl': [ '1.11.1' ],
111 silly audit   '@unrs/resolver-binding-wasm32-wasi': [ '1.11.1' ],
111 silly audit   '@unrs/resolver-binding-win32-arm64-msvc': [ '1.11.1' ],
111 silly audit   '@unrs/resolver-binding-win32-ia32-msvc': [ '1.11.1' ],
111 silly audit   '@unrs/resolver-binding-win32-x64-msvc': [ '1.11.1' ],
111 silly audit   acorn: [ '8.15.0' ],
111 silly audit   'acorn-jsx': [ '5.3.2' ],
111 silly audit   ajv: [ '6.12.6' ],
111 silly audit   'ansi-styles': [ '4.3.0', '6.2.3' ],
111 silly audit   'any-promise': [ '1.3.0' ],
111 silly audit   anymatch: [ '3.1.3' ],
111 silly audit   arg: [ '5.0.2' ],
111 silly audit   argparse: [ '2.0.1' ],
111 silly audit   'aria-query': [ '5.3.2' ],
111 silly audit   'array-buffer-byte-length': [ '1.0.2' ],
111 silly audit   'array-includes': [ '3.1.9' ],
111 silly audit   'array.prototype.findlast': [ '1.2.5' ],
111 silly audit   'array.prototype.findlastindex': [ '1.2.6' ],
111 silly audit   'array.prototype.flat': [ '1.3.3' ],
111 silly audit   'array.prototype.flatmap': [ '1.3.3' ],
111 silly audit   'array.prototype.tosorted': [ '1.1.4' ],
111 silly audit   'arraybuffer.prototype.slice': [ '1.0.4' ],
111 silly audit   'ast-types-flow': [ '0.0.8' ],
111 silly audit   'async-function': [ '1.0.0' ],
111 silly audit   autoprefixer: [ '10.4.21' ],
111 silly audit   'available-typed-arrays': [ '1.0.7' ],
111 silly audit   'axe-core': [ '4.11.0' ],
111 silly audit   'axobject-query': [ '4.1.0' ],
111 silly audit   'balanced-match': [ '1.0.2' ],
111 silly audit   'baseline-browser-mapping': [ '2.8.24' ],
111 silly audit   'binary-extensions': [ '2.3.0' ],
111 silly audit   braces: [ '3.0.3' ],
111 silly audit   browserslist: [ '4.27.0' ],
111 silly audit   busboy: [ '1.6.0' ],
111 silly audit   'call-bind': [ '1.0.8' ],
111 silly audit   'call-bind-apply-helpers': [ '1.0.2' ],
111 silly audit   'call-bound': [ '1.0.4' ],
111 silly audit   callsites: [ '3.1.0' ],
111 silly audit   'camelcase-css': [ '2.0.1' ],
111 silly audit   'caniuse-lite': [ '1.0.30001753' ],
111 silly audit   chalk: [ '4.1.2' ],
111 silly audit   chokidar: [ '3.6.0' ],
111 silly audit   'glob-parent': [ '5.1.2', '6.0.2' ],
111 silly audit   'class-variance-authority': [ '0.7.1' ],
111 silly audit   'client-only': [ '0.0.1' ],
111 silly audit   clsx: [ '2.1.1' ],
111 silly audit   'color-convert': [ '2.0.1' ],
111 silly audit   'color-name': [ '1.1.4' ],
111 silly audit   commander: [ '4.1.1' ],
111 silly audit   'concat-map': [ '0.0.1' ],
111 silly audit   'cross-spawn': [ '7.0.6' ],
111 silly audit   cssesc: [ '3.0.0' ],
111 silly audit   csstype: [ '3.1.3' ],
111 silly audit   'damerau-levenshtein': [ '1.0.8' ],
111 silly audit   'data-view-buffer': [ '1.0.2' ],
111 silly audit   'data-view-byte-length': [ '1.0.2' ],
111 silly audit   'data-view-byte-offset': [ '1.0.1' ],
111 silly audit   debug: [ '4.4.3', '3.2.7' ],
111 silly audit   'deep-is': [ '0.1.4' ],
111 silly audit   'define-data-property': [ '1.1.4' ],
111 silly audit   'define-properties': [ '1.2.1' ],
111 silly audit   didyoumean: [ '1.2.2' ],
111 silly audit   dlv: [ '1.1.3' ],
111 silly audit   doctrine: [ '3.0.0', '2.1.0' ],
111 silly audit   'dunder-proto': [ '1.0.1' ],
111 silly audit   eastasianwidth: [ '0.2.0' ],
111 silly audit   'electron-to-chromium': [ '1.5.245' ],
111 silly audit   'emoji-regex': [ '9.2.2', '8.0.0' ],
111 silly audit   'es-abstract': [ '1.24.0' ],
111 silly audit   'es-define-property': [ '1.0.1' ],
111 silly audit   'es-errors': [ '1.3.0' ],
111 silly audit   'es-iterator-helpers': [ '1.2.1' ],
111 silly audit   'es-object-atoms': [ '1.1.1' ],
111 silly audit   'es-set-tostringtag': [ '2.1.0' ],
111 silly audit   'es-shim-unscopables': [ '1.1.0' ],
111 silly audit   'es-to-primitive': [ '1.3.0' ],
111 silly audit   escalade: [ '3.2.0' ],
111 silly audit   'escape-string-regexp': [ '4.0.0' ],
111 silly audit   eslint: [ '8.57.1' ],
111 silly audit   'eslint-config-next': [ '14.2.33' ],
111 silly audit   'eslint-import-resolver-node': [ '0.3.9' ],
111 silly audit   'eslint-import-resolver-typescript': [ '3.10.1' ],
111 silly audit   'eslint-module-utils': [ '2.12.1' ],
111 silly audit   'eslint-plugin-import': [ '2.32.0' ],
111 silly audit   semver: [ '6.3.1', '7.7.3' ],
111 silly audit   'eslint-plugin-jsx-a11y': [ '6.10.2' ],
111 silly audit   'eslint-plugin-react': [ '7.37.5' ],
111 silly audit   'eslint-plugin-react-hooks': [ '5.0.0-canary-7118f5dd7-20230705' ],
111 silly audit   resolve: [ '2.0.0-next.5', '1.22.11' ],
111 silly audit   'eslint-scope': [ '7.2.2' ],
111 silly audit   espree: [ '9.6.1' ],
111 silly audit   esquery: [ '1.6.0' ],
111 silly audit   esrecurse: [ '4.3.0' ],
111 silly audit   estraverse: [ '5.3.0' ],
111 silly audit   esutils: [ '2.0.3' ],
111 silly audit   'fast-deep-equal': [ '3.1.3' ],
111 silly audit   'fast-glob': [ '3.3.3' ],
111 silly audit   'fast-json-stable-stringify': [ '2.1.0' ],
111 silly audit   'fast-levenshtein': [ '2.0.6' ],
111 silly audit   fastq: [ '1.19.1' ],
111 silly audit   'file-entry-cache': [ '6.0.1' ],
111 silly audit   'fill-range': [ '7.1.1' ],
111 silly audit   'find-up': [ '5.0.0' ],
111 silly audit   'flat-cache': [ '3.2.0' ],
111 silly audit   flatted: [ '3.3.3' ],
111 silly audit   'for-each': [ '0.3.5' ],
111 silly audit   'foreground-child': [ '3.3.1' ],
111 silly audit   'fraction.js': [ '4.3.7' ],
111 silly audit   'fs.realpath': [ '1.0.0' ],
111 silly audit   fsevents: [ '2.3.3' ],
111 silly audit   'function-bind': [ '1.1.2' ],
111 silly audit   'function.prototype.name': [ '1.1.8' ],
111 silly audit   'functions-have-names': [ '1.2.3' ],
111 silly audit   'generator-function': [ '2.0.1' ],
111 silly audit   'get-intrinsic': [ '1.3.0' ],
111 silly audit   'get-proto': [ '1.0.1' ],
111 silly audit   'get-symbol-description': [ '1.1.0' ],
111 silly audit   'get-tsconfig': [ '4.13.0' ],
111 silly audit   glob: [ '10.3.10', '7.2.3' ],
111 silly audit   globals: [ '13.24.0' ],
111 silly audit   globalthis: [ '1.0.4' ],
111 silly audit   gopd: [ '1.2.0' ],
111 silly audit   'graceful-fs': [ '4.2.11' ],
111 silly audit   graphemer: [ '1.4.0' ],
111 silly audit   'has-bigints': [ '1.1.0' ],
111 silly audit   'has-flag': [ '4.0.0' ],
111 silly audit   'has-property-descriptors': [ '1.0.2' ],
111 silly audit   'has-proto': [ '1.2.0' ],
111 silly audit   'has-symbols': [ '1.1.0' ],
111 silly audit   'has-tostringtag': [ '1.0.2' ],
111 silly audit   hasown: [ '2.0.2' ],
111 silly audit   'import-fresh': [ '3.3.1' ],
111 silly audit   imurmurhash: [ '0.1.4' ],
111 silly audit   inflight: [ '1.0.6' ],
111 silly audit   inherits: [ '2.0.4' ],
111 silly audit   'internal-slot': [ '1.1.0' ],
111 silly audit   'is-array-buffer': [ '3.0.5' ],
111 silly audit   'is-async-function': [ '2.1.1' ],
111 silly audit   'is-bigint': [ '1.1.0' ],
111 silly audit   'is-binary-path': [ '2.1.0' ],
111 silly audit   'is-boolean-object': [ '1.2.2' ],
111 silly audit   'is-bun-module': [ '2.0.0' ],
111 silly audit   'is-callable': [ '1.2.7' ],
111 silly audit   'is-core-module': [ '2.16.1' ],
111 silly audit   'is-data-view': [ '1.0.2' ],
111 silly audit   'is-date-object': [ '1.1.0' ],
111 silly audit   'is-extglob': [ '2.1.1' ],
111 silly audit   'is-finalizationregistry': [ '1.1.1' ],
111 silly audit   'is-fullwidth-code-point': [ '3.0.0' ],
111 silly audit   'is-generator-function': [ '1.1.2' ],
111 silly audit   'is-glob': [ '4.0.3' ],
111 silly audit   'is-map': [ '2.0.3' ],
111 silly audit   'is-negative-zero': [ '2.0.3' ],
111 silly audit   'is-number': [ '7.0.0' ],
111 silly audit   'is-number-object': [ '1.1.1' ],
111 silly audit   'is-path-inside': [ '3.0.3' ],
111 silly audit   'is-regex': [ '1.2.1' ],
111 silly audit   'is-set': [ '2.0.3' ],
111 silly audit   'is-shared-array-buffer': [ '1.0.4' ],
111 silly audit   'is-string': [ '1.1.1' ],
111 silly audit   'is-symbol': [ '1.1.1' ],
111 silly audit   'is-typed-array': [ '1.1.15' ],
111 silly audit   'is-weakmap': [ '2.0.2' ],
111 silly audit   'is-weakref': [ '1.1.1' ],
111 silly audit   'is-weakset': [ '2.0.4' ],
111 silly audit   isarray: [ '2.0.5' ],
111 silly audit   isexe: [ '2.0.0' ],
111 silly audit   'iterator.prototype': [ '1.1.5' ],
111 silly audit   jackspeak: [ '2.3.6' ],
111 silly audit   jiti: [ '1.21.7' ],
111 silly audit   'js-tokens': [ '4.0.0' ],
111 silly audit   'js-yaml': [ '4.1.0' ],
111 silly audit   'json-buffer': [ '3.0.1' ],
111 silly audit   'json-schema-traverse': [ '0.4.1' ],
111 silly audit   'json-stable-stringify-without-jsonify': [ '1.0.1' ],
111 silly audit   json5: [ '1.0.2' ],
111 silly audit   'jsx-ast-utils': [ '3.3.5' ],
111 silly audit   keyv: [ '4.5.4' ],
111 silly audit   'language-subtag-registry': [ '0.3.23' ],
111 silly audit   'language-tags': [ '1.0.9' ],
111 silly audit   levn: [ '0.4.1' ],
111 silly audit   lilconfig: [ '3.1.3' ],
111 silly audit   'lines-and-columns': [ '1.2.4' ],
111 silly audit   'locate-path': [ '6.0.0' ],
111 silly audit   'lodash.merge': [ '4.6.2' ],
111 silly audit   'loose-envify': [ '1.4.0' ],
111 silly audit   'lru-cache': [ '10.4.3' ],
111 silly audit   'math-intrinsics': [ '1.1.0' ],
111 silly audit   merge2: [ '1.4.1' ],
111 silly audit   micromatch: [ '4.0.8' ],
111 silly audit   minimist: [ '1.2.8' ],
111 silly audit   minipass: [ '7.1.2' ],
111 silly audit   'motion-dom': [ '11.18.1' ],
111 silly audit   'motion-utils': [ '11.18.1' ],
111 silly audit   ms: [ '2.1.3' ],
111 silly audit   mz: [ '2.7.0' ],
111 silly audit   nanoid: [ '3.3.11' ],
111 silly audit   'napi-postinstall': [ '0.3.4' ],
111 silly audit   'natural-compare': [ '1.4.0' ],
111 silly audit   postcss: [ '8.5.6', '8.4.31' ],
111 silly audit   'node-releases': [ '2.0.27' ],
111 silly audit   'normalize-path': [ '3.0.0' ],
111 silly audit   'normalize-range': [ '0.1.2' ],
111 silly audit   'object-assign': [ '4.1.1' ],
111 silly audit   'object-hash': [ '3.0.0' ],
111 silly audit   'object-inspect': [ '1.13.4' ],
111 silly audit   'object-keys': [ '1.1.1' ],
111 silly audit   'object.assign': [ '4.1.7' ],
111 silly audit   'object.entries': [ '1.1.9' ],
111 silly audit   'object.fromentries': [ '2.0.8' ],
111 silly audit   'object.groupby': [ '1.0.3' ],
111 silly audit   'object.values': [ '1.2.1' ],
111 silly audit   once: [ '1.4.0' ],
111 silly audit   optionator: [ '0.9.4' ],
111 silly audit   'own-keys': [ '1.0.1' ],
111 silly audit   'p-limit': [ '3.1.0' ],
111 silly audit   'p-locate': [ '5.0.0' ],
111 silly audit   'parent-module': [ '1.0.1' ],
111 silly audit   'path-exists': [ '4.0.0' ],
111 silly audit   'path-is-absolute': [ '1.0.1' ],
111 silly audit   'path-key': [ '3.1.1' ],
111 silly audit   'path-parse': [ '1.0.7' ],
111 silly audit   'path-scurry': [ '1.11.1' ],
111 silly audit   picocolors: [ '1.1.1' ],
111 silly audit   picomatch: [ '2.3.1', '4.0.3' ],
111 silly audit   pify: [ '2.3.0' ],
111 silly audit   pirates: [ '4.0.7' ],
111 silly audit   'possible-typed-array-names': [ '1.1.0' ],
111 silly audit   'postcss-import': [ '15.1.0' ],
111 silly audit   'postcss-js': [ '4.1.0' ],
111 silly audit   'postcss-load-config': [ '6.0.1' ],
111 silly audit   'postcss-nested': [ '6.2.0' ],
111 silly audit   'postcss-selector-parser': [ '6.1.2' ],
111 silly audit   'postcss-value-parser': [ '4.2.0' ],
111 silly audit   'prelude-ls': [ '1.2.1' ],
111 silly audit   'prop-types': [ '15.8.1' ],
111 silly audit   punycode: [ '2.3.1' ],
111 silly audit   'queue-microtask': [ '1.2.3' ],
111 silly audit   react: [ '18.3.1' ],
111 silly audit   'react-dom': [ '18.3.1' ],
111 silly audit   'react-hook-form': [ '7.66.0' ],
111 silly audit   'react-is': [ '16.13.1' ],
111 silly audit   'read-cache': [ '1.0.0' ],
111 silly audit   readdirp: [ '3.6.0' ],
111 silly audit   'reflect.getprototypeof': [ '1.0.10' ],
111 silly audit   'regexp.prototype.flags': [ '1.5.4' ],
111 silly audit   'resolve-from': [ '4.0.0' ],
111 silly audit   'resolve-pkg-maps': [ '1.0.0' ],
111 silly audit   reusify: [ '1.1.0' ],
111 silly audit   rimraf: [ '3.0.2' ],
111 silly audit   'run-parallel': [ '1.2.0' ],
111 silly audit   'safe-array-concat': [ '1.1.3' ],
111 silly audit   'safe-push-apply': [ '1.0.0' ],
111 silly audit   'safe-regex-test': [ '1.1.0' ],
111 silly audit   scheduler: [ '0.23.2' ],
111 silly audit   'set-function-length': [ '1.2.2' ],
111 silly audit   'set-function-name': [ '2.0.2' ],
111 silly audit   'set-proto': [ '1.0.0' ],
111 silly audit   'shebang-command': [ '2.0.0' ],
111 silly audit   'shebang-regex': [ '3.0.0' ],
111 silly audit   'side-channel': [ '1.1.0' ],
111 silly audit   'side-channel-list': [ '1.0.0' ],
111 silly audit   'side-channel-map': [ '1.0.1' ],
111 silly audit   'side-channel-weakmap': [ '1.0.2' ],
111 silly audit   'signal-exit': [ '4.1.0' ],
111 silly audit   'source-map-js': [ '1.2.1' ],
111 silly audit   'stable-hash': [ '0.0.5' ],
111 silly audit   'stop-iteration-iterator': [ '1.1.0' ],
111 silly audit   streamsearch: [ '1.1.0' ],
111 silly audit   'string-width': [ '5.1.2', '4.2.3' ],
111 silly audit   'string.prototype.includes': [ '2.0.1' ],
111 silly audit   'string.prototype.matchall': [ '4.0.12' ],
111 silly audit   'string.prototype.repeat': [ '1.0.0' ],
111 silly audit   'string.prototype.trim': [ '1.2.10' ],
111 silly audit   'string.prototype.trimend': [ '1.0.9' ],
111 silly audit   'string.prototype.trimstart': [ '1.0.8' ],
111 silly audit   'strip-bom': [ '3.0.0' ],
111 silly audit   'strip-json-comments': [ '3.1.1' ],
111 silly audit   'styled-jsx': [ '5.1.1' ],
111 silly audit   sucrase: [ '3.35.0' ],
111 silly audit   'supports-color': [ '7.2.0' ],
111 silly audit   'supports-preserve-symlinks-flag': [ '1.0.0' ],
111 silly audit   tailwindcss: [ '3.4.18' ],
111 silly audit   'text-table': [ '0.2.0' ],
111 silly audit   thenify: [ '3.3.1' ],
111 silly audit   'thenify-all': [ '1.6.0' ],
111 silly audit   tinyglobby: [ '0.2.15' ],
111 silly audit   fdir: [ '6.5.0' ],
111 silly audit   'to-regex-range': [ '5.0.1' ],
111 silly audit   'ts-api-utils': [ '2.1.0' ],
111 silly audit   'ts-interface-checker': [ '0.1.13' ],
111 silly audit   'tsconfig-paths': [ '3.15.0' ],
111 silly audit   tslib: [ '2.8.1' ],
111 silly audit   'type-check': [ '0.4.0' ],
111 silly audit   'type-fest': [ '0.20.2' ],
111 silly audit   'typed-array-buffer': [ '1.0.3' ],
111 silly audit   'typed-array-byte-length': [ '1.0.3' ],
111 silly audit   'typed-array-byte-offset': [ '1.0.4' ],
111 silly audit   'typed-array-length': [ '1.0.7' ],
111 silly audit   typescript: [ '5.9.3' ],
111 silly audit   'unbox-primitive': [ '1.1.0' ],
111 silly audit   'undici-types': [ '6.21.0' ],
111 silly audit   'unrs-resolver': [ '1.11.1' ],
111 silly audit   'update-browserslist-db': [ '1.1.4' ],
111 silly audit   'uri-js': [ '4.4.1' ],
111 silly audit   'util-deprecate': [ '1.0.2' ],
111 silly audit   which: [ '2.0.2' ],
111 silly audit   'which-boxed-primitive': [ '1.1.1' ],
111 silly audit   'which-builtin-type': [ '1.2.1' ],
111 silly audit   'which-collection': [ '1.0.2' ],
111 silly audit   'which-typed-array': [ '1.1.19' ],
111 silly audit   'word-wrap': [ '1.2.5' ],
111 silly audit   'wrap-ansi': [ '8.1.0', '7.0.0' ],
111 silly audit   wrappy: [ '1.0.2' ],
111 silly audit   'yocto-queue': [ '0.1.0' ],
111 silly audit   zod: [ '3.25.76' ],
111 silly audit   'framer-motion': [ '11.18.2' ],
111 silly audit   next: [ '14.2.33' ],
111 silly audit   '@next/env': [ '14.2.33' ],
111 silly audit   '@next/swc-darwin-arm64': [ '14.2.33' ],
111 silly audit   '@next/swc-darwin-x64': [ '14.2.33' ],
111 silly audit   '@next/swc-linux-arm64-gnu': [ '14.2.33' ],
111 silly audit   '@next/swc-linux-arm64-musl': [ '14.2.33' ],
111 silly audit   '@next/swc-linux-x64-gnu': [ '14.2.33' ],
111 silly audit   '@next/swc-linux-x64-musl': [ '14.2.33' ],
111 silly audit   '@next/swc-win32-arm64-msvc': [ '14.2.33' ],
111 silly audit   '@next/swc-win32-ia32-msvc': [ '14.2.33' ],
111 silly audit   '@next/swc-win32-x64-msvc': [ '14.2.33' ]
111 silly audit }
112 verbose reify failed optional dependency /Users/nathanduraisamy/Amazon Drive/Office Mac/WL/2022 Bus/AI DEV Projects/WESTLAKE AI Foundary/westlake-ai-foundry/node_modules/@next/swc-win32-x64-msvc
113 silly reify mark deleted [
113 silly reify   '/Users/nathanduraisamy/Amazon Drive/Office Mac/WL/2022 Bus/AI DEV Projects/WESTLAKE AI Foundary/westlake-ai-foundry/node_modules/@next/swc-win32-x64-msvc'
113 silly reify ]
114 verbose reify failed optional dependency /Users/nathanduraisamy/Amazon Drive/Office Mac/WL/2022 Bus/AI DEV Projects/WESTLAKE AI Foundary/westlake-ai-foundry/node_modules/@next/swc-win32-ia32-msvc
115 silly reify mark deleted [
115 silly reify   '/Users/nathanduraisamy/Amazon Drive/Office Mac/WL/2022 Bus/AI DEV Projects/WESTLAKE AI Foundary/westlake-ai-foundry/node_modules/@next/swc-win32-ia32-msvc'
115 silly reify ]
116 verbose reify failed optional dependency /Users/nathanduraisamy/Amazon Drive/Office Mac/WL/2022 Bus/AI DEV Projects/WESTLAKE AI Foundary/westlake-ai-foundry/node_modules/@next/swc-win32-arm64-msvc
117 silly reify mark deleted [
117 silly reify   '/Users/nathanduraisamy/Amazon Drive/Office Mac/WL/2022 Bus/AI DEV Projects/WESTLAKE AI Foundary/westlake-ai-foundry/node_modules/@next/swc-win32-arm64-msvc'
117 silly reify ]
118 verbose reify failed optional dependency /Users/nathanduraisamy/Amazon Drive/Office Mac/WL/2022 Bus/AI DEV Projects/WESTLAKE AI Foundary/westlake-ai-foundry/node_modules/@next/swc-linux-x64-musl
119 silly reify mark deleted [
119 silly reify   '/Users/nathanduraisamy/Amazon Drive/Office Mac/WL/2022 Bus/AI DEV Projects/WESTLAKE AI Foundary/westlake-ai-foundry/node_modules/@next/swc-linux-x64-musl'
119 silly reify ]
120 verbose reify failed optional dependency /Users/nathanduraisamy/Amazon Drive/Office Mac/WL/2022 Bus/AI DEV Projects/WESTLAKE AI Foundary/westlake-ai-foundry/node_modules/@next/swc-linux-x64-gnu
121 silly reify mark deleted [
121 silly reify   '/Users/nathanduraisamy/Amazon Drive/Office Mac/WL/2022 Bus/AI DEV Projects/WESTLAKE AI Foundary/westlake-ai-foundry/node_modules/@next/swc-linux-x64-gnu'
121 silly reify ]
122 verbose reify failed optional dependency /Users/nathanduraisamy/Amazon Drive/Office Mac/WL/2022 Bus/AI DEV Projects/WESTLAKE AI Foundary/westlake-ai-foundry/node_modules/@next/swc-linux-arm64-musl
123 silly reify mark deleted [
123 silly reify   '/Users/nathanduraisamy/Amazon Drive/Office Mac/WL/2022 Bus/AI DEV Projects/WESTLAKE AI Foundary/westlake-ai-foundry/node_modules/@next/swc-linux-arm64-musl'
123 silly reify ]
124 verbose reify failed optional dependency /Users/nathanduraisamy/Amazon Drive/Office Mac/WL/2022 Bus/AI DEV Projects/WESTLAKE AI Foundary/westlake-ai-foundry/node_modules/@next/swc-linux-arm64-gnu
125 silly reify mark deleted [
125 silly reify   '/Users/nathanduraisamy/Amazon Drive/Office Mac/WL/2022 Bus/AI DEV Projects/WESTLAKE AI Foundary/westlake-ai-foundry/node_modules/@next/swc-linux-arm64-gnu'
125 silly reify ]
126 verbose reify failed optional dependency /Users/nathanduraisamy/Amazon Drive/Office Mac/WL/2022 Bus/AI DEV Projects/WESTLAKE AI Foundary/westlake-ai-foundry/node_modules/@next/swc-darwin-arm64
127 silly reify mark deleted [
127 silly reify   '/Users/nathanduraisamy/Amazon Drive/Office Mac/WL/2022 Bus/AI DEV Projects/WESTLAKE AI Foundary/westlake-ai-foundry/node_modules/@next/swc-darwin-arm64'
127 silly reify ]
128 verbose reify failed optional dependency /Users/nathanduraisamy/Amazon Drive/Office Mac/WL/2022 Bus/AI DEV Projects/WESTLAKE AI Foundary/westlake-ai-foundry/node_modules/@unrs/resolver-binding-win32-x64-msvc
129 silly reify mark deleted [
129 silly reify   '/Users/nathanduraisamy/Amazon Drive/Office Mac/WL/2022 Bus/AI DEV Projects/WESTLAKE AI Foundary/westlake-ai-foundry/node_modules/@unrs/resolver-binding-win32-x64-msvc'
129 silly reify ]
130 verbose reify failed optional dependency /Users/nathanduraisamy/Amazon Drive/Office Mac/WL/2022 Bus/AI DEV Projects/WESTLAKE AI Foundary/westlake-ai-foundry/node_modules/@unrs/resolver-binding-win32-ia32-msvc
131 silly reify mark deleted [
131 silly reify   '/Users/nathanduraisamy/Amazon Drive/Office Mac/WL/2022 Bus/AI DEV Projects/WESTLAKE AI Foundary/westlake-ai-foundry/node_modules/@unrs/resolver-binding-win32-ia32-msvc'
131 silly reify ]
132 verbose reify failed optional dependency /Users/nathanduraisamy/Amazon Drive/Office Mac/WL/2022 Bus/AI DEV Projects/WESTLAKE AI Foundary/westlake-ai-foundry/node_modules/@unrs/resolver-binding-win32-arm64-msvc
133 silly reify mark deleted [
133 silly reify   '/Users/nathanduraisamy/Amazon Drive/Office Mac/WL/2022 Bus/AI DEV Projects/WESTLAKE AI Foundary/westlake-ai-foundry/node_modules/@unrs/resolver-binding-win32-arm64-msvc'
133 silly reify ]
134 verbose reify failed optional dependency /Users/nathanduraisamy/Amazon Drive/Office Mac/WL/2022 Bus/AI DEV Projects/WESTLAKE AI Foundary/westlake-ai-foundry/node_modules/@unrs/resolver-binding-wasm32-wasi
135 silly reify mark deleted [
135 silly reify   '/Users/nathanduraisamy/Amazon Drive/Office Mac/WL/2022 Bus/AI DEV Projects/WESTLAKE AI Foundary/westlake-ai-foundry/node_modules/@unrs/resolver-binding-wasm32-wasi'
135 silly reify ]
136 verbose reify failed optional dependency /Users/nathanduraisamy/Amazon Drive/Office Mac/WL/2022 Bus/AI DEV Projects/WESTLAKE AI Foundary/westlake-ai-foundry/node_modules/@napi-rs/wasm-runtime
137 silly reify mark deleted [
137 silly reify   '/Users/nathanduraisamy/Amazon Drive/Office Mac/WL/2022 Bus/AI DEV Projects/WESTLAKE AI Foundary/westlake-ai-foundry/node_modules/@napi-rs/wasm-runtime'
137 silly reify ]
138 verbose reify failed optional dependency /Users/nathanduraisamy/Amazon Drive/Office Mac/WL/2022 Bus/AI DEV Projects/WESTLAKE AI Foundary/westlake-ai-foundry/node_modules/@emnapi/core
139 silly reify mark deleted [
139 silly reify   '/Users/nathanduraisamy/Amazon Drive/Office Mac/WL/2022 Bus/AI DEV Projects/WESTLAKE AI Foundary/westlake-ai-foundry/node_modules/@emnapi/core'
139 silly reify ]
140 verbose reify failed optional dependency /Users/nathanduraisamy/Amazon Drive/Office Mac/WL/2022 Bus/AI DEV Projects/WESTLAKE AI Foundary/westlake-ai-foundry/node_modules/@emnapi/runtime
141 silly reify mark deleted [
141 silly reify   '/Users/nathanduraisamy/Amazon Drive/Office Mac/WL/2022 Bus/AI DEV Projects/WESTLAKE AI Foundary/westlake-ai-foundry/node_modules/@emnapi/runtime'
141 silly reify ]
142 verbose reify failed optional dependency /Users/nathanduraisamy/Amazon Drive/Office Mac/WL/2022 Bus/AI DEV Projects/WESTLAKE AI Foundary/westlake-ai-foundry/node_modules/@tybys/wasm-util
143 silly reify mark deleted [
143 silly reify   '/Users/nathanduraisamy/Amazon Drive/Office Mac/WL/2022 Bus/AI DEV Projects/WESTLAKE AI Foundary/westlake-ai-foundry/node_modules/@tybys/wasm-util'
143 silly reify ]
144 verbose reify failed optional dependency /Users/nathanduraisamy/Amazon Drive/Office Mac/WL/2022 Bus/AI DEV Projects/WESTLAKE AI Foundary/westlake-ai-foundry/node_modules/@emnapi/wasi-threads
145 silly reify mark deleted [
145 silly reify   '/Users/nathanduraisamy/Amazon Drive/Office Mac/WL/2022 Bus/AI DEV Projects/WESTLAKE AI Foundary/westlake-ai-foundry/node_modules/@emnapi/wasi-threads'
145 silly reify ]
146 verbose reify failed optional dependency /Users/nathanduraisamy/Amazon Drive/Office Mac/WL/2022 Bus/AI DEV Projects/WESTLAKE AI Foundary/westlake-ai-foundry/node_modules/@unrs/resolver-binding-linux-x64-musl
147 silly reify mark deleted [
147 silly reify   '/Users/nathanduraisamy/Amazon Drive/Office Mac/WL/2022 Bus/AI DEV Projects/WESTLAKE AI Foundary/westlake-ai-foundry/node_modules/@unrs/resolver-binding-linux-x64-musl'
147 silly reify ]
148 verbose reify failed optional dependency /Users/nathanduraisamy/Amazon Drive/Office Mac/WL/2022 Bus/AI DEV Projects/WESTLAKE AI Foundary/westlake-ai-foundry/node_modules/@unrs/resolver-binding-linux-x64-gnu
149 silly reify mark deleted [
149 silly reify   '/Users/nathanduraisamy/Amazon Drive/Office Mac/WL/2022 Bus/AI DEV Projects/WESTLAKE AI Foundary/westlake-ai-foundry/node_modules/@unrs/resolver-binding-linux-x64-gnu'
149 silly reify ]
150 verbose reify failed optional dependency /Users/nathanduraisamy/Amazon Drive/Office Mac/WL/2022 Bus/AI DEV Projects/WESTLAKE AI Foundary/westlake-ai-foundry/node_modules/@unrs/resolver-binding-linux-s390x-gnu
151 silly reify mark deleted [
151 silly reify   '/Users/nathanduraisamy/Amazon Drive/Office Mac/WL/2022 Bus/AI DEV Projects/WESTLAKE AI Foundary/westlake-ai-foundry/node_modules/@unrs/resolver-binding-linux-s390x-gnu'
151 silly reify ]
152 verbose reify failed optional dependency /Users/nathanduraisamy/Amazon Drive/Office Mac/WL/2022 Bus/AI DEV Projects/WESTLAKE AI Foundary/westlake-ai-foundry/node_modules/@unrs/resolver-binding-linux-riscv64-musl
153 silly reify mark deleted [
153 silly reify   '/Users/nathanduraisamy/Amazon Drive/Office Mac/WL/2022 Bus/AI DEV Projects/WESTLAKE AI Foundary/westlake-ai-foundry/node_modules/@unrs/resolver-binding-linux-riscv64-musl'
153 silly reify ]
154 verbose reify failed optional dependency /Users/nathanduraisamy/Amazon Drive/Office Mac/WL/2022 Bus/AI DEV Projects/WESTLAKE AI Foundary/westlake-ai-foundry/node_modules/@unrs/resolver-binding-linux-riscv64-gnu
155 silly reify mark deleted [
155 silly reify   '/Users/nathanduraisamy/Amazon Drive/Office Mac/WL/2022 Bus/AI DEV Projects/WESTLAKE AI Foundary/westlake-ai-foundry/node_modules/@unrs/resolver-binding-linux-riscv64-gnu'
155 silly reify ]
156 verbose reify failed optional dependency /Users/nathanduraisamy/Amazon Drive/Office Mac/WL/2022 Bus/AI DEV Projects/WESTLAKE AI Foundary/westlake-ai-foundry/node_modules/@unrs/resolver-binding-linux-ppc64-gnu
157 silly reify mark deleted [
157 silly reify   '/Users/nathanduraisamy/Amazon Drive/Office Mac/WL/2022 Bus/AI DEV Projects/WESTLAKE AI Foundary/westlake-ai-foundry/node_modules/@unrs/resolver-binding-linux-ppc64-gnu'
157 silly reify ]
158 verbose reify failed optional dependency /Users/nathanduraisamy/Amazon Drive/Office Mac/WL/2022 Bus/AI DEV Projects/WESTLAKE AI Foundary/westlake-ai-foundry/node_modules/@unrs/resolver-binding-linux-arm64-musl
159 silly reify mark deleted [
159 silly reify   '/Users/nathanduraisamy/Amazon Drive/Office Mac/WL/2022 Bus/AI DEV Projects/WESTLAKE AI Foundary/westlake-ai-foundry/node_modules/@unrs/resolver-binding-linux-arm64-musl'
159 silly reify ]
160 verbose reify failed optional dependency /Users/nathanduraisamy/Amazon Drive/Office Mac/WL/2022 Bus/AI DEV Projects/WESTLAKE AI Foundary/westlake-ai-foundry/node_modules/@unrs/resolver-binding-linux-arm64-gnu
161 silly reify mark deleted [
161 silly reify   '/Users/nathanduraisamy/Amazon Drive/Office Mac/WL/2022 Bus/AI DEV Projects/WESTLAKE AI Foundary/westlake-ai-foundry/node_modules/@unrs/resolver-binding-linux-arm64-gnu'
161 silly reify ]
162 verbose reify failed optional dependency /Users/nathanduraisamy/Amazon Drive/Office Mac/WL/2022 Bus/AI DEV Projects/WESTLAKE AI Foundary/westlake-ai-foundry/node_modules/@unrs/resolver-binding-linux-arm-musleabihf
163 silly reify mark deleted [
163 silly reify   '/Users/nathanduraisamy/Amazon Drive/Office Mac/WL/2022 Bus/AI DEV Projects/WESTLAKE AI Foundary/westlake-ai-foundry/node_modules/@unrs/resolver-binding-linux-arm-musleabihf'
163 silly reify ]
164 verbose reify failed optional dependency /Users/nathanduraisamy/Amazon Drive/Office Mac/WL/2022 Bus/AI DEV Projects/WESTLAKE AI Foundary/westlake-ai-foundry/node_modules/@unrs/resolver-binding-linux-arm-gnueabihf
165 silly reify mark deleted [
165 silly reify   '/Users/nathanduraisamy/Amazon Drive/Office Mac/WL/2022 Bus/AI DEV Projects/WESTLAKE AI Foundary/westlake-ai-foundry/node_modules/@unrs/resolver-binding-linux-arm-gnueabihf'
165 silly reify ]
166 verbose reify failed optional dependency /Users/nathanduraisamy/Amazon Drive/Office Mac/WL/2022 Bus/AI DEV Projects/WESTLAKE AI Foundary/westlake-ai-foundry/node_modules/@unrs/resolver-binding-freebsd-x64
167 silly reify mark deleted [
167 silly reify   '/Users/nathanduraisamy/Amazon Drive/Office Mac/WL/2022 Bus/AI DEV Projects/WESTLAKE AI Foundary/westlake-ai-foundry/node_modules/@unrs/resolver-binding-freebsd-x64'
167 silly reify ]
168 verbose reify failed optional dependency /Users/nathanduraisamy/Amazon Drive/Office Mac/WL/2022 Bus/AI DEV Projects/WESTLAKE AI Foundary/westlake-ai-foundry/node_modules/@unrs/resolver-binding-darwin-arm64
169 silly reify mark deleted [
169 silly reify   '/Users/nathanduraisamy/Amazon Drive/Office Mac/WL/2022 Bus/AI DEV Projects/WESTLAKE AI Foundary/westlake-ai-foundry/node_modules/@unrs/resolver-binding-darwin-arm64'
169 silly reify ]
170 verbose reify failed optional dependency /Users/nathanduraisamy/Amazon Drive/Office Mac/WL/2022 Bus/AI DEV Projects/WESTLAKE AI Foundary/westlake-ai-foundry/node_modules/@unrs/resolver-binding-android-arm64
171 silly reify mark deleted [
171 silly reify   '/Users/nathanduraisamy/Amazon Drive/Office Mac/WL/2022 Bus/AI DEV Projects/WESTLAKE AI Foundary/westlake-ai-foundry/node_modules/@unrs/resolver-binding-android-arm64'
171 silly reify ]
172 verbose reify failed optional dependency /Users/nathanduraisamy/Amazon Drive/Office Mac/WL/2022 Bus/AI DEV Projects/WESTLAKE AI Foundary/westlake-ai-foundry/node_modules/@unrs/resolver-binding-android-arm-eabi
173 silly reify mark deleted [
173 silly reify   '/Users/nathanduraisamy/Amazon Drive/Office Mac/WL/2022 Bus/AI DEV Projects/WESTLAKE AI Foundary/westlake-ai-foundry/node_modules/@unrs/resolver-binding-android-arm-eabi'
173 silly reify ]
174 timing reifyNode:node_modules/@next/swc-win32-x64-msvc Completed in 11ms
175 timing reifyNode:node_modules/@next/swc-win32-ia32-msvc Completed in 11ms
176 timing reifyNode:node_modules/@next/swc-win32-arm64-msvc Completed in 11ms
177 timing reifyNode:node_modules/@next/swc-linux-x64-musl Completed in 11ms
178 timing reifyNode:node_modules/@next/swc-linux-x64-gnu Completed in 10ms
179 timing reifyNode:node_modules/@next/swc-linux-arm64-musl Completed in 10ms
180 timing reifyNode:node_modules/@next/swc-linux-arm64-gnu Completed in 10ms
181 timing reifyNode:node_modules/@next/swc-darwin-arm64 Completed in 10ms
182 timing reifyNode:node_modules/@unrs/resolver-binding-win32-x64-msvc Completed in 10ms
183 timing reifyNode:node_modules/@unrs/resolver-binding-win32-ia32-msvc Completed in 10ms
184 timing reifyNode:node_modules/@unrs/resolver-binding-win32-arm64-msvc Completed in 11ms
185 timing reifyNode:node_modules/@unrs/resolver-binding-wasm32-wasi Completed in 11ms
186 timing reifyNode:node_modules/@unrs/resolver-binding-linux-x64-musl Completed in 11ms
187 timing reifyNode:node_modules/@unrs/resolver-binding-linux-x64-gnu Completed in 11ms
188 timing reifyNode:node_modules/@unrs/resolver-binding-linux-s390x-gnu Completed in 10ms
189 timing reifyNode:node_modules/@unrs/resolver-binding-linux-riscv64-musl Completed in 10ms
190 timing reifyNode:node_modules/@unrs/resolver-binding-linux-riscv64-gnu Completed in 10ms
191 timing reifyNode:node_modules/@unrs/resolver-binding-linux-ppc64-gnu Completed in 10ms
192 timing reifyNode:node_modules/@unrs/resolver-binding-linux-arm64-musl Completed in 10ms
193 timing reifyNode:node_modules/@unrs/resolver-binding-linux-arm64-gnu Completed in 10ms
194 timing reifyNode:node_modules/@unrs/resolver-binding-linux-arm-musleabihf Completed in 10ms
195 timing reifyNode:node_modules/@unrs/resolver-binding-linux-arm-gnueabihf Completed in 10ms
196 timing reifyNode:node_modules/@unrs/resolver-binding-freebsd-x64 Completed in 10ms
197 timing reifyNode:node_modules/@unrs/resolver-binding-darwin-arm64 Completed in 10ms
198 timing reifyNode:node_modules/@unrs/resolver-binding-android-arm64 Completed in 10ms
199 timing reifyNode:node_modules/@unrs/resolver-binding-android-arm-eabi Completed in 10ms
200 silly tarball no local data for @emnapi/wasi-threads@https://registry.npmjs.org/@emnapi/wasi-threads/-/wasi-threads-1.1.0.tgz. Extracting by manifest.
201 silly tarball no local data for @napi-rs/wasm-runtime@https://registry.npmjs.org/@napi-rs/wasm-runtime/-/wasm-runtime-0.2.12.tgz. Extracting by manifest.
202 silly tarball no local data for @tybys/wasm-util@https://registry.npmjs.org/@tybys/wasm-util/-/wasm-util-0.10.1.tgz. Extracting by manifest.
203 silly tarball no local data for @emnapi/core@https://registry.npmjs.org/@emnapi/core/-/core-1.7.0.tgz. Extracting by manifest.
204 silly tarball no local data for @emnapi/runtime@https://registry.npmjs.org/@emnapi/runtime/-/runtime-1.7.0.tgz. Extracting by manifest.
205 silly tarball no local data for next@https://registry.npmjs.org/next/-/next-14.2.33.tgz. Extracting by manifest.
206 silly tarball no local data for @next/env@https://registry.npmjs.org/@next/env/-/env-14.2.33.tgz. Extracting by manifest.
207 silly tarball no local data for @next/swc-darwin-x64@https://registry.npmjs.org/@next/swc-darwin-x64/-/swc-darwin-x64-14.2.33.tgz. Extracting by manifest.
208 http fetch GET 200 https://registry.npmjs.org/@emnapi/wasi-threads/-/wasi-threads-1.1.0.tgz 83ms (cache miss)
209 timing reifyNode:node_modules/@emnapi/wasi-threads Completed in 100ms
210 http fetch GET 200 https://registry.npmjs.org/@emnapi/runtime/-/runtime-1.7.0.tgz 90ms (cache miss)
211 timing reifyNode:node_modules/@emnapi/runtime Completed in 108ms
212 http fetch GET 200 https://registry.npmjs.org/@next/env/-/env-14.2.33.tgz 100ms (cache miss)
213 timing reifyNode:node_modules/@next/env Completed in 118ms
214 http fetch POST 200 https://registry.npmjs.org/-/npm/v1/security/advisories/bulk 227ms
215 timing auditReport:getReport Completed in 232ms
216 silly audit report {}
217 timing auditReport:init Completed in 0ms
218 timing reify:audit Completed in 233ms
219 http fetch GET 200 https://registry.npmjs.org/@emnapi/core/-/core-1.7.0.tgz 280ms (cache miss)
220 timing reifyNode:node_modules/@emnapi/core Completed in 297ms
221 http fetch GET 200 https://registry.npmjs.org/@tybys/wasm-util/-/wasm-util-0.10.1.tgz 290ms (cache miss)
222 timing reifyNode:node_modules/@tybys/wasm-util Completed in 306ms
223 http fetch GET 200 https://registry.npmjs.org/@napi-rs/wasm-runtime/-/wasm-runtime-0.2.12.tgz 379ms (cache miss)
224 timing reifyNode:node_modules/@napi-rs/wasm-runtime Completed in 395ms
225 http fetch GET 200 https://registry.npmjs.org/next/-/next-14.2.33.tgz 6131ms (cache miss)
226 timing reifyNode:node_modules/next Completed in 6147ms
227 http fetch GET 200 https://registry.npmjs.org/@next/swc-darwin-x64/-/swc-darwin-x64-14.2.33.tgz 6419ms (cache miss)
228 timing reifyNode:node_modules/@next/swc-darwin-x64 Completed in 6437ms
229 timing reify:unpack Completed in 6440ms
230 timing reify:unretire Completed in 4ms
231 timing build:queue Completed in 3ms
232 timing build:link:node_modules/next Completed in 4ms
233 timing build:link Completed in 4ms
234 timing build:deps Completed in 9ms
235 timing build Completed in 9ms
236 timing reify:build Completed in 11ms
237 timing reify:trash Completed in 1159ms
238 timing reify:save Completed in 215ms
239 timing reify Completed in 15242ms
240 silly ADD
241 silly ADD
242 silly ADD
243 silly ADD
244 silly ADD
245 silly ADD
246 silly ADD
247 silly ADD
248 silly ADD
249 silly ADD
250 silly ADD
251 silly ADD
252 silly ADD
253 silly ADD
254 silly ADD
255 silly ADD
256 silly ADD
257 silly ADD
258 silly ADD
259 silly ADD
260 silly ADD
261 silly ADD
262 silly ADD
263 silly ADD
264 silly ADD
265 silly ADD
266 silly ADD
267 silly ADD
268 silly ADD
269 silly ADD
270 silly ADD
271 silly CHANGE node_modules/next
272 silly CHANGE node_modules/@next/swc-darwin-x64
273 silly CHANGE node_modules/@next/env
274 timing command:install Completed in 15258ms
275 notice
275 notice New major version of npm available! 10.2.4 -> 11.6.2
275 notice Changelog: <https://github.com/npm/cli/releases/tag/v11.6.2>
275 notice Run `npm install -g npm@11.6.2` to update!
275 notice
276 verbose exit 0
277 timing npm Completed in 15564ms
278 info ok
